Using pre-set license
Built from '2021.3/staging' branch; Version is '2021.3.13f1 (9e7d58001ecf) revision 10386776'; Using compiler version '192829333'; Build Type 'Release'
OS: 'Windows 10  (10.0.19045) 64bit Core' Language: 'de' Physical Memory: 32701 MB
BatchMode: 1, IsHumanControllingUs: 0, StartBugReporterOnCrash: 0, Is64bit: 1, IsPro: 1

COMMAND LINE ARGUMENTS:
C:\Program Files\Unity\Hub\Editor\2021.3.13f1\Editor\Unity.exe
-adb2
-batchMode
-noUpm
-name
AssetImportWorker0
-projectPath
G:/Uni-Tuebingen-MEDIENINF/Semester 3 WS22-23/Computergrafik Praktikum/3D-Generator/TerrainGenerator
-logFile
Logs/AssetImportWorker0.log
-srvPort
7621
Successfully changed project path to: G:/Uni-Tuebingen-MEDIENINF/Semester 3 WS22-23/Computergrafik Praktikum/3D-Generator/TerrainGenerator
G:/Uni-Tuebingen-MEDIENINF/Semester 3 WS22-23/Computergrafik Praktikum/3D-Generator/TerrainGenerator
[UnityMemory] Configuration Parameters - Can be set up in boot.config
    "memorysetup-bucket-allocator-granularity=16"
    "memorysetup-bucket-allocator-bucket-count=8"
    "memorysetup-bucket-allocator-block-size=33554432"
    "memorysetup-bucket-allocator-block-count=8"
    "memorysetup-main-allocator-block-size=16777216"
    "memorysetup-thread-allocator-block-size=16777216"
    "memorysetup-gfx-main-allocator-block-size=16777216"
    "memorysetup-gfx-thread-allocator-block-size=16777216"
    "memorysetup-cache-allocator-block-size=4194304"
    "memorysetup-typetree-allocator-block-size=2097152"
    "memorysetup-profiler-bucket-allocator-granularity=16"
    "memorysetup-profiler-bucket-allocator-bucket-count=8"
    "memorysetup-profiler-bucket-allocator-block-size=33554432"
    "memorysetup-profiler-bucket-allocator-block-count=8"
    "memorysetup-profiler-allocator-block-size=16777216"
    "memorysetup-profiler-editor-allocator-block-size=1048576"
    "memorysetup-temp-allocator-size-main=16777216"
    "memorysetup-job-temp-allocator-block-size=2097152"
    "memorysetup-job-temp-allocator-block-size-background=1048576"
    "memorysetup-job-temp-allocator-reduction-small-platforms=262144"
    "memorysetup-temp-allocator-size-background-worker=32768"
    "memorysetup-temp-allocator-size-job-worker=262144"
    "memorysetup-temp-allocator-size-preload-manager=33554432"
    "memorysetup-temp-allocator-size-nav-mesh-worker=65536"
    "memorysetup-temp-allocator-size-audio-worker=65536"
    "memorysetup-temp-allocator-size-cloud-worker=32768"
    "memorysetup-temp-allocator-size-gi-baking-worker=262144"
    "memorysetup-temp-allocator-size-gfx=262144"
Refreshing native plugins compatible for Editor in 154.65 ms, found 3 plugins.
Preloading 0 native plugins for Editor in 0.00 ms.
Initialize engine version: 2021.3.13f1 (9e7d58001ecf)
[Subsystems] Discovering subsystems at path C:/Program Files/Unity/Hub/Editor/2021.3.13f1/Editor/Data/Resources/UnitySubsystems
[Subsystems] Discovering subsystems at path G:/Uni-Tuebingen-MEDIENINF/Semester 3 WS22-23/Computergrafik Praktikum/3D-Generator/TerrainGenerator/Assets
GfxDevice: creating device client; threaded=0; jobified=0
Direct3D:
    Version:  Direct3D 11.0 [level 11.1]
    Renderer: NVIDIA GeForce GTX 1080 (ID=0x1b80)
    Vendor:   NVIDIA
    VRAM:     8072 MB
    Driver:   31.0.15.2849
Initialize mono
Mono path[0] = 'C:/Program Files/Unity/Hub/Editor/2021.3.13f1/Editor/Data/Managed'
Mono path[1] = 'C:/Program Files/Unity/Hub/Editor/2021.3.13f1/Editor/Data/MonoBleedingEdge/lib/mono/unityjit-win32'
Mono config path = 'C:/Program Files/Unity/Hub/Editor/2021.3.13f1/Editor/Data/MonoBleedingEdge/etc'
Using monoOptions --debugger-agent=transport=dt_socket,embedding=1,server=y,suspend=n,address=127.0.0.1:56472
Begin MonoManager ReloadAssembly
Registering precompiled unity dll's ...
Register platform support module: C:/Program Files/Unity/Hub/Editor/2021.3.13f1/Editor/Data/PlaybackEngines/WebGLSupport/UnityEditor.WebGL.Extensions.dll
Register platform support module: C:/Program Files/Unity/Hub/Editor/2021.3.13f1/Editor/Data/PlaybackEngines/WindowsStandaloneSupport/UnityEditor.WindowsStandalone.Extensions.dll
Registered in 0.009866 seconds.
Native extension for WindowsStandalone target not found
Native extension for WebGL target not found
Refreshing native plugins compatible for Editor in 198.36 ms, found 3 plugins.
Preloading 0 native plugins for Editor in 0.00 ms.
Mono: successfully reloaded assembly
- Completed reload, in  0.913 seconds
Domain Reload Profiling:
	ReloadAssembly (914ms)
		BeginReloadAssembly (102ms)
			ExecutionOrderSort (0ms)
			DisableScriptedObjects (0ms)
			BackupInstance (0ms)
			ReleaseScriptingObjects (0ms)
			CreateAndSetChildDomain (1ms)
		EndReloadAssembly (682ms)
			LoadAssemblies (100ms)
			RebuildTransferFunctionScriptingTraits (0ms)
			SetupTypeCache (128ms)
			ReleaseScriptCaches (0ms)
			RebuildScriptCaches (35ms)
			SetupLoadedEditorAssemblies (454ms)
				LogAssemblyErrors (0ms)
				InitializePlatformSupportModulesInManaged (12ms)
				SetLoadedEditorAssemblies (0ms)
				RefreshPlugins (198ms)
				BeforeProcessingInitializeOnLoad (2ms)
				ProcessInitializeOnLoadAttributes (187ms)
				ProcessInitializeOnLoadMethodAttributes (54ms)
				AfterProcessingInitializeOnLoad (0ms)
				EditorAssembliesLoaded (0ms)
			ExecutionOrderSort2 (0ms)
			AwakeInstancesAfterBackupRestoration (0ms)
Platform modules already initialized, skipping
Registering precompiled user dll's ...
Registered in 0.006114 seconds.
Begin MonoManager ReloadAssembly
Symbol file LoadedFromMemory doesn't match image G:\Uni-Tuebingen-MEDIENINF\Semester 3 WS22-23\Computergrafik Praktikum\3D-Generator\TerrainGenerator\Library\PackageCache\com.unity.visualscripting@1.7.8\Editor\VisualScripting.Core\Dependencies\YamlDotNet\Unity.VisualScripting.YamlDotNet.dll
Symbol file LoadedFromMemory doesn't match image G:\Uni-Tuebingen-MEDIENINF\Semester 3 WS22-23\Computergrafik Praktikum\3D-Generator\TerrainGenerator\Library\PackageCache\com.unity.visualscripting@1.7.8\Editor\VisualScripting.Core\Dependencies\DotNetZip\Unity.VisualScripting.IonicZip.dll
Native extension for WindowsStandalone target not found
Native extension for WebGL target not found
Refreshing native plugins compatible for Editor in 205.07 ms, found 3 plugins.
Preloading 0 native plugins for Editor in 0.00 ms.
Mono: successfully reloaded assembly
- Completed reload, in  1.833 seconds
Domain Reload Profiling:
	ReloadAssembly (1834ms)
		BeginReloadAssembly (122ms)
			ExecutionOrderSort (0ms)
			DisableScriptedObjects (7ms)
			BackupInstance (0ms)
			ReleaseScriptingObjects (0ms)
			CreateAndSetChildDomain (21ms)
		EndReloadAssembly (1590ms)
			LoadAssemblies (100ms)
			RebuildTransferFunctionScriptingTraits (0ms)
			SetupTypeCache (383ms)
			ReleaseScriptCaches (1ms)
			RebuildScriptCaches (121ms)
			SetupLoadedEditorAssemblies (926ms)
				LogAssemblyErrors (0ms)
				InitializePlatformSupportModulesInManaged (8ms)
				SetLoadedEditorAssemblies (0ms)
				RefreshPlugins (205ms)
				BeforeProcessingInitializeOnLoad (162ms)
				ProcessInitializeOnLoadAttributes (456ms)
				ProcessInitializeOnLoadMethodAttributes (82ms)
				AfterProcessingInitializeOnLoad (13ms)
				EditorAssembliesLoaded (0ms)
			ExecutionOrderSort2 (0ms)
			AwakeInstancesAfterBackupRestoration (9ms)
Platform modules already initialized, skipping
========================================================================
Worker process is ready to serve import requests
Launched and connected shader compiler UnityShaderCompiler.exe after 0.06 seconds
Refreshing native plugins compatible for Editor in 1.96 ms, found 3 plugins.
Preloading 0 native plugins for Editor in 0.00 ms.
Unloading 7159 Unused Serialized files (Serialized files now loaded: 0)
Unloading 156 unused Assets / (11.1 MB). Loaded Objects now: 7520.
Memory consumption went from 374.8 MB to 363.8 MB.
Total: 6.061000 ms (FindLiveObjects: 0.516700 ms CreateObjectMapping: 0.620700 ms MarkObjects: 3.421100 ms  DeleteObjects: 1.501700 ms)

AssetImportParameters requested are different than current active one (requested -> active):
  custom:video-decoder-ogg-theora: a1e56fd34408186e4bbccfd4996cb3dc -> 
  custom:container-muxer-webm: aa71ff27fc2769a1b78a27578f13a17b -> 
  custom:container-demuxer-webm: 4f35f7cbe854078d1ac9338744f61a02 -> 
  custom:video-encoder-webm-vp8: eb34c28f22e8b96e1ab97ce403110664 -> 
  custom:video-codec-MediaFoundation-h265: e54d7ab0439102e2317fc1e4b246158d -> 
  custom:audio-encoder-webm-vorbis: bf7c407c2cedff20999df2af8eb42d56 -> 
  custom:framework-win-MediaFoundation: 216162199b28c13a410421893ffa2e32 -> 
  custom:container-demuxer-ogg: 62fdf1f143b41e24485cea50d1cbac27 -> 
  custom:video-decoder-webm-vp8: 9c59270c3fd7afecdb556c50c9e8de78 -> 
  custom:audio-decoder-ogg-vorbis: bf7c407c2cedff20999df2af8eb42d56 -> 
========================================================================
Received Import Request.
  Time since last request: 555499.425444 seconds.
  path: Assets/New Terrain 1.asset
  artifactKey: Guid(5529564129384fe4ba28115b018bec4b) Importer(815301076,1909f56bfc062723c751e8b465ee728b)
Start importing Assets/New Terrain 1.asset using Guid(5529564129384fe4ba28115b018bec4b) Importer(815301076,1909f56bfc062723c751e8b465ee728b)  -> (artifact id: 'c68f49b9539376abf941f48c3a439c93') in 0.306017 seconds 
========================================================================
Received Import Request.
  Time since last request: 317.932557 seconds.
  path: Assets/TextureHaven/rock_4k/rock_4k_textures/rock_08/rock_08_bump_4k.png
  artifactKey: Guid(4611ae260a83ac741ace132a253d23f4) Importer(815301076,1909f56bfc062723c751e8b465ee728b)
Start importing Assets/TextureHaven/rock_4k/rock_4k_textures/rock_08/rock_08_bump_4k.png using Guid(4611ae260a83ac741ace132a253d23f4) Importer(815301076,1909f56bfc062723c751e8b465ee728b)  -> (artifact id: '39ad77a89173b79832d29a42a128da5e') in 0.320968 seconds 
========================================================================
Received Import Request.
  Time since last request: 0.000040 seconds.
  path: Assets/TextureHaven/rock_4k/rock_4k_textures/rock_08/rock_08_spec_4k.png
  artifactKey: Guid(1db8af606aadd2848837fd358cb2fa6c) Importer(815301076,1909f56bfc062723c751e8b465ee728b)
Start importing Assets/TextureHaven/rock_4k/rock_4k_textures/rock_08/rock_08_spec_4k.png using Guid(1db8af606aadd2848837fd358cb2fa6c) Importer(815301076,1909f56bfc062723c751e8b465ee728b)  -> (artifact id: '744ed3bbc3edec394754ba190758c20d') in 0.230282 seconds 
========================================================================
Received Import Request.
  Time since last request: 47.780326 seconds.
  path: Assets/Textures/Terrain2/BeachSand_basecolor.tif
  artifactKey: Guid(b3c2ab157efdd44c79666fe44e45e75e) Importer(815301076,1909f56bfc062723c751e8b465ee728b)
Start importing Assets/Textures/Terrain2/BeachSand_basecolor.tif using Guid(b3c2ab157efdd44c79666fe44e45e75e) Importer(815301076,1909f56bfc062723c751e8b465ee728b)  -> (artifact id: '20c2308cc1c6503bc7d6b12d1035a337') in 0.190233 seconds 
========================================================================
Received Import Request.
  Time since last request: 0.000028 seconds.
  path: Assets/Textures/Terrain2/Rocks_defaultMat_BaseCurvature.tif
  artifactKey: Guid(94c057c5950f27a49a12401c53f2c3d8) Importer(815301076,1909f56bfc062723c751e8b465ee728b)
Start importing Assets/Textures/Terrain2/Rocks_defaultMat_BaseCurvature.tif using Guid(94c057c5950f27a49a12401c53f2c3d8) Importer(815301076,1909f56bfc062723c751e8b465ee728b)  -> (artifact id: '833f88b3a9f9b708cf795a46e4490699') in 0.440099 seconds 
========================================================================
Received Import Request.
  Time since last request: 0.000041 seconds.
  path: Assets/Textures/Terrain2/Cliff_Full_01_defaultMat_BaseCurvature.tif
  artifactKey: Guid(2c6f1cc88ea3f40429c1db3d7da21126) Importer(815301076,1909f56bfc062723c751e8b465ee728b)
Start importing Assets/Textures/Terrain2/Cliff_Full_01_defaultMat_BaseCurvature.tif using Guid(2c6f1cc88ea3f40429c1db3d7da21126) Importer(815301076,1909f56bfc062723c751e8b465ee728b)  -> (artifact id: 'e1870d83155b6c3cf98f36f5aa705fe0') in 0.121787 seconds 
========================================================================
Received Import Request.
  Time since last request: 0.000084 seconds.
  path: Assets/Textures/Terrain2/BeachSand_wet_basecolor.tif
  artifactKey: Guid(9b83018dda05e4cffb3ca62e0d54d252) Importer(815301076,1909f56bfc062723c751e8b465ee728b)
Start importing Assets/Textures/Terrain2/BeachSand_wet_basecolor.tif using Guid(9b83018dda05e4cffb3ca62e0d54d252) Importer(815301076,1909f56bfc062723c751e8b465ee728b)  -> (artifact id: 'f8cfb3eb08a287e4b5d604612aa55ec3') in 0.172959 seconds 
========================================================================
Received Import Request.
  Time since last request: 0.000046 seconds.
  path: Assets/Textures/Terrain2/Hero_defaultMat_AONormal.tif
  artifactKey: Guid(ef97219b6529eab459d3c569d5e3efb1) Importer(815301076,1909f56bfc062723c751e8b465ee728b)
Start importing Assets/Textures/Terrain2/Hero_defaultMat_AONormal.tif using Guid(ef97219b6529eab459d3c569d5e3efb1) Importer(815301076,1909f56bfc062723c751e8b465ee728b)  -> (artifact id: '776241692f47e6c745699b79760b7354') in 0.403734 seconds 
========================================================================
Received Import Request.
  Time since last request: 0.000024 seconds.
  path: Assets/Textures/Terrain2/SandRocks_normal.tif
  artifactKey: Guid(9b6c255f1b0f84e4caab0ca53ff3d44a) Importer(815301076,1909f56bfc062723c751e8b465ee728b)
Start importing Assets/Textures/Terrain2/SandRocks_normal.tif using Guid(9b6c255f1b0f84e4caab0ca53ff3d44a) Importer(815301076,1909f56bfc062723c751e8b465ee728b)  -> (artifact id: '87637d4dfe4c43a22c3d9faebccca812') in 0.188933 seconds 
========================================================================
Received Import Request.
  Time since last request: 0.000042 seconds.
  path: Assets/Textures/Terrain2/RockPlants_normal.tif
  artifactKey: Guid(f46e0b71ea742443091fd73952b2e9c7) Importer(815301076,1909f56bfc062723c751e8b465ee728b)
Start importing Assets/Textures/Terrain2/RockPlants_normal.tif using Guid(f46e0b71ea742443091fd73952b2e9c7) Importer(815301076,1909f56bfc062723c751e8b465ee728b)  -> (artifact id: 'c550acff0e0407651632560866129731') in 0.104957 seconds 
========================================================================
Received Import Request.
  Time since last request: 24.886854 seconds.
  path: Assets/TextureHaven/terrain_4k/terrain_4k_textures/shell_floor_01/shell_floor_01_disp_4k.png
  artifactKey: Guid(b80ebb36b5541af4f80ea5b3cdc54882) Importer(815301076,1909f56bfc062723c751e8b465ee728b)
Start importing Assets/TextureHaven/terrain_4k/terrain_4k_textures/shell_floor_01/shell_floor_01_disp_4k.png using Guid(b80ebb36b5541af4f80ea5b3cdc54882) Importer(815301076,1909f56bfc062723c751e8b465ee728b)  -> (artifact id: '41b5d18a6b16bbfc9e159c76bbd7aff4') in 0.505031 seconds 
Editor requested this worker to shutdown with reason: Scaling down because of idle timeout
AssetImportWorker is now disconnected from the server
Process exiting
Exiting without the bug reporter. Application will terminate with return code 0